<?xml version="1.0" encoding="UTF-8"?>
<testsuite xmlns:xsi="http://www.w3.org/2001/XMLSchema-instance" xsi:noNamespaceSchemaLocation="https://maven.apache.org/surefire/maven-surefire-plugin/xsd/surefire-test-report.xsd" name="dev.datainmotion.gtfs.GTFSRealTimeProcessorTest" time="0.667" tests="2" errors="0" skipped="0" failures="0">
  <properties>
    <property name="gopherProxySet" value="false"/>
    <property name="awt.toolkit" value="sun.lwawt.macosx.LWCToolkit"/>
    <property name="file.encoding.pkg" value="sun.io"/>
    <property name="java.specification.version" value="1.8"/>
    <property name="sun.cpu.isalist" value=""/>
    <property name="sun.jnu.encoding" value="UTF-8"/>
    <property name="java.class.path" value="/Volumes/DATA/projects/gtfs/nifi-gtfs-processors/target/test-classes:/Volumes/DATA/projects/gtfs/nifi-gtfs-processors/target/classes:/Users/tspann/.m2/repository/org/apache/nifi/nifi-api/1.9.2/nifi-api-1.9.2.jar:/Users/tspann/.m2/repository/org/apache/nifi/nifi-utils/1.9.2/nifi-utils-1.9.2.jar:/Users/tspann/.m2/repository/io/mobilitydata/transit/gtfs-realtime-bindings/0.0.5/gtfs-realtime-bindings-0.0.5.jar:/Users/tspann/.m2/repository/com/google/protobuf/protobuf-java/3.8.0/protobuf-java-3.8.0.jar:/Users/tspann/.m2/repository/com/google/protobuf/protobuf-java-util/3.8.0/protobuf-java-util-3.8.0.jar:/Users/tspann/.m2/repository/com/google/guava/guava/26.0-android/guava-26.0-android.jar:/Users/tspann/.m2/repository/com/google/code/findbugs/jsr305/3.0.2/jsr305-3.0.2.jar:/Users/tspann/.m2/repository/org/checkerframework/checker-compat-qual/2.5.2/checker-compat-qual-2.5.2.jar:/Users/tspann/.m2/repository/com/google/j2objc/j2objc-annotations/1.1/j2objc-annotations-1.1.jar:/Users/tspann/.m2/repository/org/codehaus/mojo/animal-sniffer-annotations/1.14/animal-sniffer-annotations-1.14.jar:/Users/tspann/.m2/repository/com/google/errorprone/error_prone_annotations/2.3.2/error_prone_annotations-2.3.2.jar:/Users/tspann/.m2/repository/com/google/code/gson/gson/2.7/gson-2.7.jar:/Users/tspann/.m2/repository/org/apache/nifi/nifi-mock/1.9.2/nifi-mock-1.9.2.jar:/Users/tspann/.m2/repository/org/apache/nifi/nifi-framework-api/1.9.2/nifi-framework-api-1.9.2.jar:/Users/tspann/.m2/repository/org/apache/nifi/nifi-expression-language/1.9.2/nifi-expression-language-1.9.2.jar:/Users/tspann/.m2/repository/org/antlr/antlr-runtime/3.5.2/antlr-runtime-3.5.2.jar:/Users/tspann/.m2/repository/com/jayway/jsonpath/json-path/2.4.0/json-path-2.4.0.jar:/Users/tspann/.m2/repository/net/minidev/json-smart/2.3/json-smart-2.3.jar:/Users/tspann/.m2/repository/net/minidev/accessors-smart/1.2/accessors-smart-1.2.jar:/Users/tspann/.m2/repository/org/ow2/asm/asm/5.0.4/asm-5.0.4.jar:/Users/tspann/.m2/repository/com/fasterxml/jackson/core/jackson-databind/2.9.7/jackson-databind-2.9.7.jar:/Users/tspann/.m2/repository/com/fasterxml/jackson/core/jackson-annotations/2.9.0/jackson-annotations-2.9.0.jar:/Users/tspann/.m2/repository/com/fasterxml/jackson/core/jackson-core/2.9.7/jackson-core-2.9.7.jar:/Users/tspann/.m2/repository/org/apache/commons/commons-text/1.4/commons-text-1.4.jar:/Users/tspann/.m2/repository/org/apache/commons/commons-lang3/3.7/commons-lang3-3.7.jar:/Users/tspann/.m2/repository/org/apache/nifi/nifi-data-provenance-utils/1.9.2/nifi-data-provenance-utils-1.9.2.jar:/Users/tspann/.m2/repository/org/apache/nifi/nifi-security-utils/1.9.2/nifi-security-utils-1.9.2.jar:/Users/tspann/.m2/repository/commons-codec/commons-codec/1.11/commons-codec-1.11.jar:/Users/tspann/.m2/repository/org/bouncycastle/bcpkix-jdk15on/1.60/bcpkix-jdk15on-1.60.jar:/Users/tspann/.m2/repository/de/svenkubiak/jBCrypt/0.4.1/jBCrypt-0.4.1.jar:/Users/tspann/.m2/repository/org/bouncycastle/bcprov-jdk15on/1.60/bcprov-jdk15on-1.60.jar:/Users/tspann/.m2/repository/org/apache/nifi/nifi-properties-loader/1.9.2/nifi-properties-loader-1.9.2.jar:/Users/tspann/.m2/repository/ch/qos/logback/logback-classic/1.2.3/logback-classic-1.2.3.jar:/Users/tspann/.m2/repository/ch/qos/logback/logback-core/1.2.3/logback-core-1.2.3.jar:/Users/tspann/.m2/repository/org/apache/nifi/nifi-properties/1.9.2/nifi-properties-1.9.2.jar:/Users/tspann/.m2/repository/org/slf4j/slf4j-simple/1.7.25/slf4j-simple-1.7.25.jar:/Users/tspann/.m2/repository/org/slf4j/slf4j-api/1.7.25/slf4j-api-1.7.25.jar:/Users/tspann/.m2/repository/junit/junit/4.12/junit-4.12.jar:/Users/tspann/.m2/repository/org/hamcrest/hamcrest-core/1.3/hamcrest-core-1.3.jar:/Users/tspann/.m2/repository/org/mockito/mockito-core/1.10.19/mockito-core-1.10.19.jar:/Users/tspann/.m2/repository/org/objenesis/objenesis/2.1/objenesis-2.1.jar:/Users/tspann/.m2/repository/org/codehaus/groovy/groovy-all/2.4.13/groovy-all-2.4.13.jar:"/>
    <property name="java.vm.vendor" value="Amazon.com Inc."/>
    <property name="sun.arch.data.model" value="64"/>
    <property name="java.vendor.url" value="https://aws.amazon.com/corretto/"/>
    <property name="user.timezone" value=""/>
    <property name="java.vm.specification.version" value="1.8"/>
    <property name="os.name" value="Mac OS X"/>
    <property name="user.country" value="US"/>
    <property name="sun.java.launcher" value="SUN_STANDARD"/>
    <property name="sun.boot.library.path" value="/Users/tspann/.sdkman/candidates/java/8.0.222-amzn/jre/lib"/>
    <property name="sun.java.command" value="/Volumes/DATA/projects/gtfs/nifi-gtfs-processors/target/surefire/surefirebooter3046354929847019600.jar /Volumes/DATA/projects/gtfs/nifi-gtfs-processors/target/surefire 2019-08-21T09-26-25_832-jvmRun1 surefire4573974066068400786tmp surefire_04054592483601013902tmp"/>
    <property name="surefire.test.class.path" value="/Volumes/DATA/projects/gtfs/nifi-gtfs-processors/target/test-classes:/Volumes/DATA/projects/gtfs/nifi-gtfs-processors/target/classes:/Users/tspann/.m2/repository/org/apache/nifi/nifi-api/1.9.2/nifi-api-1.9.2.jar:/Users/tspann/.m2/repository/org/apache/nifi/nifi-utils/1.9.2/nifi-utils-1.9.2.jar:/Users/tspann/.m2/repository/io/mobilitydata/transit/gtfs-realtime-bindings/0.0.5/gtfs-realtime-bindings-0.0.5.jar:/Users/tspann/.m2/repository/com/google/protobuf/protobuf-java/3.8.0/protobuf-java-3.8.0.jar:/Users/tspann/.m2/repository/com/google/protobuf/protobuf-java-util/3.8.0/protobuf-java-util-3.8.0.jar:/Users/tspann/.m2/repository/com/google/guava/guava/26.0-android/guava-26.0-android.jar:/Users/tspann/.m2/repository/com/google/code/findbugs/jsr305/3.0.2/jsr305-3.0.2.jar:/Users/tspann/.m2/repository/org/checkerframework/checker-compat-qual/2.5.2/checker-compat-qual-2.5.2.jar:/Users/tspann/.m2/repository/com/google/j2objc/j2objc-annotations/1.1/j2objc-annotations-1.1.jar:/Users/tspann/.m2/repository/org/codehaus/mojo/animal-sniffer-annotations/1.14/animal-sniffer-annotations-1.14.jar:/Users/tspann/.m2/repository/com/google/errorprone/error_prone_annotations/2.3.2/error_prone_annotations-2.3.2.jar:/Users/tspann/.m2/repository/com/google/code/gson/gson/2.7/gson-2.7.jar:/Users/tspann/.m2/repository/org/apache/nifi/nifi-mock/1.9.2/nifi-mock-1.9.2.jar:/Users/tspann/.m2/repository/org/apache/nifi/nifi-framework-api/1.9.2/nifi-framework-api-1.9.2.jar:/Users/tspann/.m2/repository/org/apache/nifi/nifi-expression-language/1.9.2/nifi-expression-language-1.9.2.jar:/Users/tspann/.m2/repository/org/antlr/antlr-runtime/3.5.2/antlr-runtime-3.5.2.jar:/Users/tspann/.m2/repository/com/jayway/jsonpath/json-path/2.4.0/json-path-2.4.0.jar:/Users/tspann/.m2/repository/net/minidev/json-smart/2.3/json-smart-2.3.jar:/Users/tspann/.m2/repository/net/minidev/accessors-smart/1.2/accessors-smart-1.2.jar:/Users/tspann/.m2/repository/org/ow2/asm/asm/5.0.4/asm-5.0.4.jar:/Users/tspann/.m2/repository/com/fasterxml/jackson/core/jackson-databind/2.9.7/jackson-databind-2.9.7.jar:/Users/tspann/.m2/repository/com/fasterxml/jackson/core/jackson-annotations/2.9.0/jackson-annotations-2.9.0.jar:/Users/tspann/.m2/repository/com/fasterxml/jackson/core/jackson-core/2.9.7/jackson-core-2.9.7.jar:/Users/tspann/.m2/repository/org/apache/commons/commons-text/1.4/commons-text-1.4.jar:/Users/tspann/.m2/repository/org/apache/commons/commons-lang3/3.7/commons-lang3-3.7.jar:/Users/tspann/.m2/repository/org/apache/nifi/nifi-data-provenance-utils/1.9.2/nifi-data-provenance-utils-1.9.2.jar:/Users/tspann/.m2/repository/org/apache/nifi/nifi-security-utils/1.9.2/nifi-security-utils-1.9.2.jar:/Users/tspann/.m2/repository/commons-codec/commons-codec/1.11/commons-codec-1.11.jar:/Users/tspann/.m2/repository/org/bouncycastle/bcpkix-jdk15on/1.60/bcpkix-jdk15on-1.60.jar:/Users/tspann/.m2/repository/de/svenkubiak/jBCrypt/0.4.1/jBCrypt-0.4.1.jar:/Users/tspann/.m2/repository/org/bouncycastle/bcprov-jdk15on/1.60/bcprov-jdk15on-1.60.jar:/Users/tspann/.m2/repository/org/apache/nifi/nifi-properties-loader/1.9.2/nifi-properties-loader-1.9.2.jar:/Users/tspann/.m2/repository/ch/qos/logback/logback-classic/1.2.3/logback-classic-1.2.3.jar:/Users/tspann/.m2/repository/ch/qos/logback/logback-core/1.2.3/logback-core-1.2.3.jar:/Users/tspann/.m2/repository/org/apache/nifi/nifi-properties/1.9.2/nifi-properties-1.9.2.jar:/Users/tspann/.m2/repository/org/slf4j/slf4j-simple/1.7.25/slf4j-simple-1.7.25.jar:/Users/tspann/.m2/repository/org/slf4j/slf4j-api/1.7.25/slf4j-api-1.7.25.jar:/Users/tspann/.m2/repository/junit/junit/4.12/junit-4.12.jar:/Users/tspann/.m2/repository/org/hamcrest/hamcrest-core/1.3/hamcrest-core-1.3.jar:/Users/tspann/.m2/repository/org/mockito/mockito-core/1.10.19/mockito-core-1.10.19.jar:/Users/tspann/.m2/repository/org/objenesis/objenesis/2.1/objenesis-2.1.jar:/Users/tspann/.m2/repository/org/codehaus/groovy/groovy-all/2.4.13/groovy-all-2.4.13.jar:"/>
    <property name="sun.cpu.endian" value="little"/>
    <property name="user.home" value="/Users/tspann"/>
    <property name="user.language" value="en"/>
    <property name="java.specification.vendor" value="Oracle Corporation"/>
    <property name="java.home" value="/Users/tspann/.sdkman/candidates/java/8.0.222-amzn/jre"/>
    <property name="basedir" value="/Volumes/DATA/projects/gtfs/nifi-gtfs-processors"/>
    <property name="file.separator" value="/"/>
    <property name="line.separator" value="&#10;"/>
    <property name="java.vm.specification.vendor" value="Oracle Corporation"/>
    <property name="java.specification.name" value="Java Platform API Specification"/>
    <property name="java.awt.graphicsenv" value="sun.awt.CGraphicsEnvironment"/>
    <property name="java.awt.headless" value="true"/>
    <property name="surefire.real.class.path" value="/Volumes/DATA/projects/gtfs/nifi-gtfs-processors/target/surefire/surefirebooter3046354929847019600.jar"/>
    <property name="sun.boot.class.path" value="/Users/tspann/.sdkman/candidates/java/8.0.222-amzn/jre/lib/resources.jar:/Users/tspann/.sdkman/candidates/java/8.0.222-amzn/jre/lib/rt.jar:/Users/tspann/.sdkman/candidates/java/8.0.222-amzn/jre/lib/sunrsasign.jar:/Users/tspann/.sdkman/candidates/java/8.0.222-amzn/jre/lib/jsse.jar:/Users/tspann/.sdkman/candidates/java/8.0.222-amzn/jre/lib/jce.jar:/Users/tspann/.sdkman/candidates/java/8.0.222-amzn/jre/lib/charsets.jar:/Users/tspann/.sdkman/candidates/java/8.0.222-amzn/jre/lib/jfr.jar:/Users/tspann/.sdkman/candidates/java/8.0.222-amzn/jre/classes"/>
    <property name="sun.management.compiler" value="HotSpot 64-Bit Tiered Compilers"/>
    <property name="java.runtime.version" value="1.8.0_222-b10"/>
    <property name="java.net.preferIPv4Stack" value="true"/>
    <property name="user.name" value="tspann"/>
    <property name="path.separator" value=":"/>
    <property name="os.version" value="10.14.5"/>
    <property name="java.endorsed.dirs" value="/Users/tspann/.sdkman/candidates/java/8.0.222-amzn/jre/lib/endorsed"/>
    <property name="java.runtime.name" value="OpenJDK Runtime Environment"/>
    <property name="file.encoding" value="UTF-8"/>
    <property name="java.vm.name" value="OpenJDK 64-Bit Server VM"/>
    <property name="localRepository" value="/Users/tspann/.m2/repository"/>
    <property name="java.vendor.url.bug" value="https://github.com/corretto/corretto-8/issues/"/>
    <property name="java.io.tmpdir" value="/var/folders/t5/xz5j50wx2rl8kd3021lkbn800000gn/T/"/>
    <property name="java.version" value="1.8.0_222"/>
    <property name="user.dir" value="/Volumes/DATA/projects/gtfs/nifi-gtfs-processors"/>
    <property name="os.arch" value="x86_64"/>
    <property name="java.vm.specification.name" value="Java Virtual Machine Specification"/>
    <property name="java.awt.printerjob" value="sun.lwawt.macosx.CPrinterJob"/>
    <property name="sun.os.patch.level" value="unknown"/>
    <property name="java.library.path" value="/Users/tspann/Library/Java/Extensions:/Library/Java/Extensions:/Network/Library/Java/Extensions:/System/Library/Java/Extensions:/usr/lib/java:."/>
    <property name="java.vm.info" value="mixed mode"/>
    <property name="java.vendor" value="Amazon.com Inc."/>
    <property name="java.vm.version" value="25.222-b10"/>
    <property name="java.ext.dirs" value="/Users/tspann/Library/Java/Extensions:/Users/tspann/.sdkman/candidates/java/8.0.222-amzn/jre/lib/ext:/Library/Java/Extensions:/Network/Library/Java/Extensions:/System/Library/Java/Extensions:/usr/lib/java"/>
    <property name="sun.io.unicode.encoding" value="UnicodeBig"/>
    <property name="java.class.version" value="52.0"/>
  </properties>
  <testcase name="testProcessorWithBadURL" classname="dev.datainmotion.gtfs.GTFSRealTimeProcessorTest" time="0.176"/>
  <testcase name="testProcessor" classname="dev.datainmotion.gtfs.GTFSRealTimeProcessorTest" time="0.454"/>
</testsuite>